<?xml version="1.0" encoding="UTF-8"?>
<!-- Generated by org.testng.reporters.JUnitReportReporter -->
<testsuite hostname="vikas" failures="0" tests="1" name="loginFunctionality.LinkedINLoginFramework.TestingTest" time="16.375" errors="0" timestamp="2023-06-26T22:29:57 IST" skipped="0">
  <testcase classname="loginFunctionality.LinkedINLoginFramework.TestingTest" name="checkData" time="16.375"/>
  <system-out/>
</testsuite> <!-- loginFunctionality.LinkedINLoginFramework.TestingTest -->
